c:\users\kubaw\documents\programming\akwb3\akb_zad3\debug\akb_zad3.pch.codeanalysis
c:\users\kubaw\documents\programming\akwb3\akb_zad3\debug\vc140.pdb
c:\users\kubaw\documents\programming\akwb3\akb_zad3\debug\vc140.idb
c:\users\kubaw\documents\programming\akwb3\akb_zad3\debug\akb_zad3.pch.codeanalysisast
c:\users\kubaw\documents\programming\akwb3\akb_zad3\debug\stdafx.nativecodeanalysis.xml
c:\users\kubaw\documents\programming\akwb3\akb_zad3\debug\stdafx.obj
c:\users\kubaw\documents\programming\akwb3\akb_zad3\debug\akb_zad3.pch
c:\users\kubaw\documents\programming\akwb3\akb_zad3\debug\akb_zad3.nativecodeanalysis.xml
c:\users\kubaw\documents\programming\akwb3\akb_zad3\debug\datafromfile.nativecodeanalysis.xml
c:\users\kubaw\documents\programming\akwb3\akb_zad3\debug\matrix.nativecodeanalysis.xml
c:\users\kubaw\documents\programming\akwb3\akb_zad3\debug\sequence.nativecodeanalysis.xml
c:\users\kubaw\documents\programming\akwb3\akb_zad3\debug\vertex.nativecodeanalysis.xml
c:\users\kubaw\documents\programming\akwb3\akb_zad3\debug\vertex.obj
c:\users\kubaw\documents\programming\akwb3\akb_zad3\debug\sequence.obj
c:\users\kubaw\documents\programming\akwb3\akb_zad3\debug\matrix.obj
c:\users\kubaw\documents\programming\akwb3\akb_zad3\debug\datafromfile.obj
c:\users\kubaw\documents\programming\akwb3\akb_zad3\debug\akb_zad3.obj
c:\users\kubaw\documents\programming\akwb3\akb_zad3\debug\akb_zad3.tlog\cl.command.1.tlog
c:\users\kubaw\documents\programming\akwb3\akb_zad3\debug\akb_zad3.tlog\cl.read.1.tlog
c:\users\kubaw\documents\programming\akwb3\akb_zad3\debug\akb_zad3.tlog\cl.write.1.tlog
