c:\users\kubaw\documents\programming\akwb3\akb_zad3\x64\debug\akb_zad3.pch
c:\users\kubaw\documents\programming\akwb3\akb_zad3\x64\debug\vc140.pdb
c:\users\kubaw\documents\programming\akwb3\akb_zad3\x64\debug\vc140.idb
c:\users\kubaw\documents\programming\akwb3\akb_zad3\x64\debug\stdafx.obj
c:\users\kubaw\documents\programming\akwb3\akb_zad3\x64\debug\akb_zad3.obj
c:\users\kubaw\documents\programming\akwb3\akb_zad3\x64\debug\datafromfile.obj
c:\users\kubaw\documents\programming\akwb3\akb_zad3\x64\debug\matrix.obj
c:\users\kubaw\documents\programming\akwb3\akb_zad3\x64\debug\sequence.obj
c:\users\kubaw\documents\programming\akwb3\akb_zad3\x64\debug\vertex.obj
c:\users\kubaw\documents\programming\akwb3\akb_zad3\x64\debug\resultmotif.obj
c:\users\kubaw\documents\programming\akwb3\x64\debug\akb_zad3.ilk
c:\users\kubaw\documents\programming\akwb3\x64\debug\akb_zad3.exe
c:\users\kubaw\documents\programming\akwb3\x64\debug\akb_zad3.pdb
c:\users\kubaw\documents\programming\akwb3\akb_zad3\x64\debug\datafromfile.obj.enc
c:\users\kubaw\documents\programming\akwb3\akb_zad3\x64\debug\akb_zad3.tlog\cl.command.1.tlog
c:\users\kubaw\documents\programming\akwb3\akb_zad3\x64\debug\akb_zad3.tlog\cl.read.1.tlog
c:\users\kubaw\documents\programming\akwb3\akb_zad3\x64\debug\akb_zad3.tlog\cl.write.1.tlog
c:\users\kubaw\documents\programming\akwb3\akb_zad3\x64\debug\akb_zad3.tlog\link.command.1.tlog
c:\users\kubaw\documents\programming\akwb3\akb_zad3\x64\debug\akb_zad3.tlog\link.read.1.tlog
c:\users\kubaw\documents\programming\akwb3\akb_zad3\x64\debug\akb_zad3.tlog\link.write.1.tlog
